[2024-06-20 02:26:19,768] {taskinstance.py:1179} INFO - Dependencies all met for <TaskInstance: desafio3_pipeline.etl_data scheduled__2024-06-19T02:26:17.654416+00:00 [queued]>
[2024-06-20 02:26:19,801] {taskinstance.py:1179} INFO - Dependencies all met for <TaskInstance: desafio3_pipeline.etl_data scheduled__2024-06-19T02:26:17.654416+00:00 [queued]>
[2024-06-20 02:26:19,826] {taskinstance.py:1376} INFO - 
--------------------------------------------------------------------------------
[2024-06-20 02:26:19,830] {taskinstance.py:1377} INFO - Starting attempt 1 of 2
[2024-06-20 02:26:19,832] {taskinstance.py:1378} INFO - 
--------------------------------------------------------------------------------
[2024-06-20 02:26:19,867] {taskinstance.py:1397} INFO - Executing <Task(PythonOperator): etl_data> on 2024-06-19 02:26:17.654416+00:00
[2024-06-20 02:26:19,875] {standard_task_runner.py:52} INFO - Started process 3006 to run task
[2024-06-20 02:26:19,879] {standard_task_runner.py:79} INFO - Running: ['***', 'tasks', 'run', 'desafio3_pipeline', 'etl_data', 'scheduled__2024-06-19T02:26:17.654416+00:00', '--job-id', '23', '--raw', '--subdir', 'DAGS_FOLDER/weather_dags.py', '--cfg-path', '/tmp/tmp3zz7vjsz', '--error-file', '/tmp/tmpcsax0fw7']
[2024-06-20 02:26:19,881] {standard_task_runner.py:80} INFO - Job 23: Subtask etl_data
[2024-06-20 02:26:19,979] {task_command.py:371} INFO - Running <TaskInstance: desafio3_pipeline.etl_data scheduled__2024-06-19T02:26:17.654416+00:00 [running]> on host 3f4d47b0555b
[2024-06-20 02:26:20,137] {taskinstance.py:1591} INFO - Exporting the following env vars:
AIRFLOW_CTX_DAG_OWNER=***
AIRFLOW_CTX_DAG_ID=desafio3_pipeline
AIRFLOW_CTX_TASK_ID=etl_data
AIRFLOW_CTX_EXECUTION_DATE=2024-06-19T02:26:17.654416+00:00
AIRFLOW_CTX_TRY_NUMBER=1
AIRFLOW_CTX_DAG_RUN_ID=scheduled__2024-06-19T02:26:17.654416+00:00
[2024-06-20 02:26:22,212] {logging_mixin.py:115} INFO - Conectado a Redshift con éxito!
[2024-06-20 02:26:27,457] {python.py:173} INFO - Done. Returned value was: {"city":{"0":"Buenos Aires","1":"Mendoza","2":"Corrientes","3":"Salta","4":"C\u00f3rdoba"},"weather_description":{"0":"clear sky","1":"few clouds","2":"broken clouds","3":"broken clouds","4":"broken clouds"},"temperature":{"0":11.97,"1":9.39,"2":22.08,"3":12.75,"4":10.45},"feels_like":{"0":11.11,"1":8.49,"2":22.91,"3":12.39,"4":9.49},"temp_min":{"0":9.47,"1":9.39,"2":21.59,"3":12.75,"4":9.23},"temp_max":{"0":13.5,"1":9.39,"2":22.42,"3":13.98,"4":12.85},"humidity":{"0":71,"1":66,"2":97,"3":87,"4":73},"wind_speed":{"0":9.39,"1":2.06,"2":2.24,"3":1.54,"4":1.54},"sunrise":{"0":1718783999000,"1":1718786244000,"2":1718783083000,"3":1718784313000,"4":1718784911000},"sunset":{"0":1718819396000,"1":1718822168000,"2":1718820531000,"3":1718822459000,"4":1718821270000},"day":{"0":1718841600000,"1":1718841600000,"2":1718841600000,"3":1718841600000,"4":1718841600000}}
[2024-06-20 02:26:27,562] {taskinstance.py:1420} INFO - Marking task as SUCCESS. dag_id=desafio3_pipeline, task_id=etl_data, execution_date=20240619T022617, start_date=20240620T022619, end_date=20240620T022627
[2024-06-20 02:26:27,632] {local_task_job.py:156} INFO - Task exited with return code 0
[2024-06-20 02:26:27,683] {local_task_job.py:273} INFO - 1 downstream tasks scheduled from follow-on schedule check
